<?xml version="1.0" encoding="UTF-8"?>
<testng-results ignored="0" total="1" passed="1" failed="0" skipped="0">
  <reporter-output>
  </reporter-output>
  <suite started-at="2023-01-09T21:30:27 EST" name="Default suite" finished-at="2023-01-09T21:30:42 EST" duration-ms="15260">
    <groups>
      <group name="cucumber">
        <method signature="AbstractTestNGCucumberTests.runScenario(cucumber.api.testng.PickleEventWrapper,cucumber.api.testng.CucumberFeatureWrapper)[pri:0, instance:com.cucumber.test.CucumberRunner@70e9c95d]" name="runScenario" class="cucumber.api.testng.AbstractTestNGCucumberTests"/>
      </group> <!-- cucumber -->
    </groups>
    <test started-at="2023-01-09T21:30:27 EST" name="Default test" finished-at="2023-01-09T21:30:42 EST" duration-ms="15260">
      <class name="com.cucumber.test.CucumberRunner">
        <test-method is-config="true" signature="setUpClass()[pri:0, instance:com.cucumber.test.CucumberRunner@70e9c95d]" started-at="2023-01-09T21:30:27 EST" name="setUpClass" finished-at="2023-01-09T21:30:27 EST" duration-ms="183" status="PASS">
          <reporter-output>
          </reporter-output>
        </test-method> <!-- setUpClass -->
        <test-method signature="runScenario(cucumber.api.testng.PickleEventWrapper,cucumber.api.testng.CucumberFeatureWrapper)[pri:0, instance:com.cucumber.test.CucumberRunner@70e9c95d]" started-at="2023-01-09T21:30:27 EST" name="runScenario" description="Runs Cucumber Scenarios" data-provider="scenarios" finished-at="2023-01-09T21:30:42 EST" duration-ms="14879" status="PASS">
          <params>
            <param index="0">
              <value>
                <![CDATA[""]]>
              </value>
            </param>
            <param index="1">
              <value>
                <![CDATA["Login Function Test"]]>
              </value>
            </param>
          </params>
          <reporter-output>
          </reporter-output>
        </test-method> <!-- runScenario -->
        <test-method is-config="true" signature="tearDownClass()[pri:0, instance:com.cucumber.test.CucumberRunner@70e9c95d]" started-at="2023-01-09T21:30:42 EST" name="tearDownClass" finished-at="2023-01-09T21:30:42 EST" duration-ms="65" status="PASS">
          <reporter-output>
          </reporter-output>
        </test-method> <!-- tearDownClass -->
      </class> <!-- com.cucumber.test.CucumberRunner -->
    </test> <!-- Default test -->
  </suite> <!-- Default suite -->
</testng-results>
